{
  "RSpec": {
    "coverage": {
      "/home/darkness/apps/time_step/app/models/user.rb": [
        1,
        1,
        null,
        null,
        1,
        null,
        1,
        1,
        null,
        1,
        2,
        null,
        null
      ],
      "/home/darkness/apps/time_step/app/models/application_record.rb": [
        1,
        1,
        null
      ],
      "/home/darkness/apps/time_step/app/helpers/application_helper.rb": [
        1,
        null
      ],
      "/home/darkness/apps/time_step/app/helpers/records_helper.rb": [
        1,
        null
      ],
      "/home/darkness/apps/time_step/app/helpers/teams_helper.rb": [
        1,
        1,
        0,
        0,
        null,
        null,
        0,
        null,
        null
      ],
      "/home/darkness/apps/time_step/app/controllers/records_controller.rb": [
        1,
        1,
        null,
        1,
        2,
        2,
        2,
        null,
        null,
        1,
        1,
        1,
        1,
        null,
        null,
        1,
        1,
        1,
        1,
        null,
        null,
        1,
        null,
        1,
        0,
        null,
        null
      ],
      "/home/darkness/apps/time_step/app/controllers/application_controller.rb": [
        1,
        1,
        null
      ],
      "/home/darkness/apps/time_step/app/models/record.rb": [
        1,
        1,
        null,
        3,
        null,
        1,
        1,
        null,
        1,
        null,
        1,
        3,
        3,
        null,
        null,
        1,
        1,
        1,
        null,
        null
      ],
      "/home/darkness/apps/time_step/app/models/ability.rb": [
        1,
        1,
        null,
        1,
        4,
        null,
        4,
        null,
        4,
        4,
        0,
        0,
        0,
        0,
        null,
        null,
        null,
        1,
        null,
        1,
        4,
        4,
        4,
        null,
        null,
        1,
        0,
        0,
        0,
        null,
        0,
        null,
        null,
        1,
        0,
        null,
        null
      ],
      "/home/darkness/apps/time_step/app/models/team.rb": [
        1,
        1,
        null
      ],
      "/home/darkness/apps/time_step/app/controllers/teams_controller.rb": [
        0,
        0,
        0,
        0,
        0,
        0,
        0,
        0,
        0,
        0
      ],
      "/home/darkness/apps/time_step/app/controllers/home_controller.rb": [
        0,
        0,
        0
      ]
    },
    "timestamp": 1489578338
  }
}
